  UnitTest1.cpp
     Creating library C:\Users\vladt\source\repos\13\13.1\Debug\UnitTest1.lib and object C:\Users\vladt\source\repos\13\13.1\Debug\UnitTest1.exp
UnitTest1.obj : error LNK2019: unresolved external symbol "void __cdecl nsDod::dod(void)" (?dod@nsDod@@YAXXZ) referenced in function "void __cdecl nsSum::sum(void)" (?sum@nsSum@@YAXXZ)
UnitTest1.obj : error LNK2001: unresolved external symbol "int nsVar::n" (?n@nsVar@@3HA)
UnitTest1.obj : error LNK2001: unresolved external symbol "double nsVar::x" (?x@nsVar@@3NA)
UnitTest1.obj : error LNK2001: unresolved external symbol "double nsVar::e" (?e@nsVar@@3NA)
UnitTest1.obj : error LNK2001: unresolved external symbol "double nsVar::a" (?a@nsVar@@3NA)
UnitTest1.obj : error LNK2001: unresolved external symbol "double nsVar::s" (?s@nsVar@@3NA)
C:\Users\vladt\source\repos\13\13.1\Debug\UnitTest1.dll : fatal error LNK1120: 6 unresolved externals
